# ./project/libvpx-generic/configure --target=generic-gnu --disable-examples --disable-docs --disable-unit-tests --disable-vp8-encoder --disable-multithread --disable-vp9-decoder --disable-vp9-encoder
Configuring selected codecs
  enabling vp8_decoder
Configuring for target 'generic-gnu'
  enabling generic
check_cxxflags -DNDEBUG
check_cxx -Werror -DNDEBUG
BEGIN /var/folders/g1/g7pjc2pd6sq_993m9d43yrqc0000gq/T//vpx-conf-37240-29730.cc
     1	int x;
END /var/folders/g1/g7pjc2pd6sq_993m9d43yrqc0000gq/T//vpx-conf-37240-29730.cc
g++ -Werror -DNDEBUG -c -o /var/folders/g1/g7pjc2pd6sq_993m9d43yrqc0000gq/T//vpx-conf-37240-29730.o /var/folders/g1/g7pjc2pd6sq_993m9d43yrqc0000gq/T//vpx-conf-37240-29730.cc
check_cflags -DNDEBUG
check_cc -Werror -DNDEBUG
BEGIN /var/folders/g1/g7pjc2pd6sq_993m9d43yrqc0000gq/T//vpx-conf-37240-29730.c
     1	int x;
END /var/folders/g1/g7pjc2pd6sq_993m9d43yrqc0000gq/T//vpx-conf-37240-29730.c
gcc -Werror -DNDEBUG -c -o /var/folders/g1/g7pjc2pd6sq_993m9d43yrqc0000gq/T//vpx-conf-37240-29730.o /var/folders/g1/g7pjc2pd6sq_993m9d43yrqc0000gq/T//vpx-conf-37240-29730.c
check_cxxflags -O3
check_cxx -Werror -O3
BEGIN /var/folders/g1/g7pjc2pd6sq_993m9d43yrqc0000gq/T//vpx-conf-37240-29730.cc
     1	int x;
END /var/folders/g1/g7pjc2pd6sq_993m9d43yrqc0000gq/T//vpx-conf-37240-29730.cc
g++ -DNDEBUG -Werror -O3 -c -o /var/folders/g1/g7pjc2pd6sq_993m9d43yrqc0000gq/T//vpx-conf-37240-29730.o /var/folders/g1/g7pjc2pd6sq_993m9d43yrqc0000gq/T//vpx-conf-37240-29730.cc
check_cflags -O3
check_cc -Werror -O3
BEGIN /var/folders/g1/g7pjc2pd6sq_993m9d43yrqc0000gq/T//vpx-conf-37240-29730.c
     1	int x;
END /var/folders/g1/g7pjc2pd6sq_993m9d43yrqc0000gq/T//vpx-conf-37240-29730.c
gcc -DNDEBUG -Werror -O3 -c -o /var/folders/g1/g7pjc2pd6sq_993m9d43yrqc0000gq/T//vpx-conf-37240-29730.o /var/folders/g1/g7pjc2pd6sq_993m9d43yrqc0000gq/T//vpx-conf-37240-29730.c
check_cc
BEGIN /var/folders/g1/g7pjc2pd6sq_993m9d43yrqc0000gq/T//vpx-conf-37240-29730.c
     1	unsigned int e = 'O'<<24 | '2'<<16 | 'B'<<8 | 'E';
END /var/folders/g1/g7pjc2pd6sq_993m9d43yrqc0000gq/T//vpx-conf-37240-29730.c
gcc -DNDEBUG -O3 -c -o /var/folders/g1/g7pjc2pd6sq_993m9d43yrqc0000gq/T//vpx-conf-37240-29730.o /var/folders/g1/g7pjc2pd6sq_993m9d43yrqc0000gq/T//vpx-conf-37240-29730.c
check_cc
BEGIN /var/folders/g1/g7pjc2pd6sq_993m9d43yrqc0000gq/T//vpx-conf-37240-29730.c
     1	static inline function() {}
END /var/folders/g1/g7pjc2pd6sq_993m9d43yrqc0000gq/T//vpx-conf-37240-29730.c
gcc -DNDEBUG -O3 -c -o /var/folders/g1/g7pjc2pd6sq_993m9d43yrqc0000gq/T//vpx-conf-37240-29730.o /var/folders/g1/g7pjc2pd6sq_993m9d43yrqc0000gq/T//vpx-conf-37240-29730.c
/var/folders/g1/g7pjc2pd6sq_993m9d43yrqc0000gq/T//vpx-conf-37240-29730.c:1:15: warning: type specifier missing, defaults to 'int' [-Wimplicit-int]
static inline function() {}
~~~~~~~~~~~~~ ^
/var/folders/g1/g7pjc2pd6sq_993m9d43yrqc0000gq/T//vpx-conf-37240-29730.c:1:27: warning: control reaches end of non-void function [-Wreturn-type]
static inline function() {}
                          ^
2 warnings generated.
check_cxxflags -Wall
check_cxx -Werror -Wall
BEGIN /var/folders/g1/g7pjc2pd6sq_993m9d43yrqc0000gq/T//vpx-conf-37240-29730.cc
     1	int x;
END /var/folders/g1/g7pjc2pd6sq_993m9d43yrqc0000gq/T//vpx-conf-37240-29730.cc
g++ -DNDEBUG -O3 -Werror -Wall -c -o /var/folders/g1/g7pjc2pd6sq_993m9d43yrqc0000gq/T//vpx-conf-37240-29730.o /var/folders/g1/g7pjc2pd6sq_993m9d43yrqc0000gq/T//vpx-conf-37240-29730.cc
check_cflags -Wall
check_cc -Werror -Wall
BEGIN /var/folders/g1/g7pjc2pd6sq_993m9d43yrqc0000gq/T//vpx-conf-37240-29730.c
     1	int x;
END /var/folders/g1/g7pjc2pd6sq_993m9d43yrqc0000gq/T//vpx-conf-37240-29730.c
gcc -DNDEBUG -O3 -Werror -Wall -c -o /var/folders/g1/g7pjc2pd6sq_993m9d43yrqc0000gq/T//vpx-conf-37240-29730.o /var/folders/g1/g7pjc2pd6sq_993m9d43yrqc0000gq/T//vpx-conf-37240-29730.c
check_cxxflags -Wdeclaration-after-statement
check_cxx -Werror -Wdeclaration-after-statement
BEGIN /var/folders/g1/g7pjc2pd6sq_993m9d43yrqc0000gq/T//vpx-conf-37240-29730.cc
     1	int x;
END /var/folders/g1/g7pjc2pd6sq_993m9d43yrqc0000gq/T//vpx-conf-37240-29730.cc
g++ -DNDEBUG -O3 -Wall -Werror -Wdeclaration-after-statement -c -o /var/folders/g1/g7pjc2pd6sq_993m9d43yrqc0000gq/T//vpx-conf-37240-29730.o /var/folders/g1/g7pjc2pd6sq_993m9d43yrqc0000gq/T//vpx-conf-37240-29730.cc
check_cflags -Wdeclaration-after-statement
check_cc -Werror -Wdeclaration-after-statement
BEGIN /var/folders/g1/g7pjc2pd6sq_993m9d43yrqc0000gq/T//vpx-conf-37240-29730.c
     1	int x;
END /var/folders/g1/g7pjc2pd6sq_993m9d43yrqc0000gq/T//vpx-conf-37240-29730.c
gcc -DNDEBUG -O3 -Wall -Werror -Wdeclaration-after-statement -c -o /var/folders/g1/g7pjc2pd6sq_993m9d43yrqc0000gq/T//vpx-conf-37240-29730.o /var/folders/g1/g7pjc2pd6sq_993m9d43yrqc0000gq/T//vpx-conf-37240-29730.c
check_cxxflags -Wdisabled-optimization
check_cxx -Werror -Wdisabled-optimization
BEGIN /var/folders/g1/g7pjc2pd6sq_993m9d43yrqc0000gq/T//vpx-conf-37240-29730.cc
     1	int x;
END /var/folders/g1/g7pjc2pd6sq_993m9d43yrqc0000gq/T//vpx-conf-37240-29730.cc
g++ -DNDEBUG -O3 -Wall -Wdeclaration-after-statement -Werror -Wdisabled-optimization -c -o /var/folders/g1/g7pjc2pd6sq_993m9d43yrqc0000gq/T//vpx-conf-37240-29730.o /var/folders/g1/g7pjc2pd6sq_993m9d43yrqc0000gq/T//vpx-conf-37240-29730.cc
check_cflags -Wdisabled-optimization
check_cc -Werror -Wdisabled-optimization
BEGIN /var/folders/g1/g7pjc2pd6sq_993m9d43yrqc0000gq/T//vpx-conf-37240-29730.c
     1	int x;
END /var/folders/g1/g7pjc2pd6sq_993m9d43yrqc0000gq/T//vpx-conf-37240-29730.c
gcc -DNDEBUG -O3 -Wall -Wdeclaration-after-statement -Werror -Wdisabled-optimization -c -o /var/folders/g1/g7pjc2pd6sq_993m9d43yrqc0000gq/T//vpx-conf-37240-29730.o /var/folders/g1/g7pjc2pd6sq_993m9d43yrqc0000gq/T//vpx-conf-37240-29730.c
check_cxxflags -Wpointer-arith
check_cxx -Werror -Wpointer-arith
BEGIN /var/folders/g1/g7pjc2pd6sq_993m9d43yrqc0000gq/T//vpx-conf-37240-29730.cc
     1	int x;
END /var/folders/g1/g7pjc2pd6sq_993m9d43yrqc0000gq/T//vpx-conf-37240-29730.cc
g++ -DNDEBUG -O3 -Wall -Wdeclaration-after-statement -Wdisabled-optimization -Werror -Wpointer-arith -c -o /var/folders/g1/g7pjc2pd6sq_993m9d43yrqc0000gq/T//vpx-conf-37240-29730.o /var/folders/g1/g7pjc2pd6sq_993m9d43yrqc0000gq/T//vpx-conf-37240-29730.cc
check_cflags -Wpointer-arith
check_cc -Werror -Wpointer-arith
BEGIN /var/folders/g1/g7pjc2pd6sq_993m9d43yrqc0000gq/T//vpx-conf-37240-29730.c
     1	int x;
END /var/folders/g1/g7pjc2pd6sq_993m9d43yrqc0000gq/T//vpx-conf-37240-29730.c
gcc -DNDEBUG -O3 -Wall -Wdeclaration-after-statement -Wdisabled-optimization -Werror -Wpointer-arith -c -o /var/folders/g1/g7pjc2pd6sq_993m9d43yrqc0000gq/T//vpx-conf-37240-29730.o /var/folders/g1/g7pjc2pd6sq_993m9d43yrqc0000gq/T//vpx-conf-37240-29730.c
check_cxxflags -Wtype-limits
check_cxx -Werror -Wtype-limits
BEGIN /var/folders/g1/g7pjc2pd6sq_993m9d43yrqc0000gq/T//vpx-conf-37240-29730.cc
     1	int x;
END /var/folders/g1/g7pjc2pd6sq_993m9d43yrqc0000gq/T//vpx-conf-37240-29730.cc
g++ -DNDEBUG -O3 -Wall -Wdeclaration-after-statement -Wdisabled-optimization -Wpointer-arith -Werror -Wtype-limits -c -o /var/folders/g1/g7pjc2pd6sq_993m9d43yrqc0000gq/T//vpx-conf-37240-29730.o /var/folders/g1/g7pjc2pd6sq_993m9d43yrqc0000gq/T//vpx-conf-37240-29730.cc
check_cflags -Wtype-limits
check_cc -Werror -Wtype-limits
BEGIN /var/folders/g1/g7pjc2pd6sq_993m9d43yrqc0000gq/T//vpx-conf-37240-29730.c
     1	int x;
END /var/folders/g1/g7pjc2pd6sq_993m9d43yrqc0000gq/T//vpx-conf-37240-29730.c
gcc -DNDEBUG -O3 -Wall -Wdeclaration-after-statement -Wdisabled-optimization -Wpointer-arith -Werror -Wtype-limits -c -o /var/folders/g1/g7pjc2pd6sq_993m9d43yrqc0000gq/T//vpx-conf-37240-29730.o /var/folders/g1/g7pjc2pd6sq_993m9d43yrqc0000gq/T//vpx-conf-37240-29730.c
check_cxxflags -Wcast-qual
check_cxx -Werror -Wcast-qual
BEGIN /var/folders/g1/g7pjc2pd6sq_993m9d43yrqc0000gq/T//vpx-conf-37240-29730.cc
     1	int x;
END /var/folders/g1/g7pjc2pd6sq_993m9d43yrqc0000gq/T//vpx-conf-37240-29730.cc
g++ -DNDEBUG -O3 -Wall -Wdeclaration-after-statement -Wdisabled-optimization -Wpointer-arith -Wtype-limits -Werror -Wcast-qual -c -o /var/folders/g1/g7pjc2pd6sq_993m9d43yrqc0000gq/T//vpx-conf-37240-29730.o /var/folders/g1/g7pjc2pd6sq_993m9d43yrqc0000gq/T//vpx-conf-37240-29730.cc
check_cflags -Wcast-qual
check_cc -Werror -Wcast-qual
BEGIN /var/folders/g1/g7pjc2pd6sq_993m9d43yrqc0000gq/T//vpx-conf-37240-29730.c
     1	int x;
END /var/folders/g1/g7pjc2pd6sq_993m9d43yrqc0000gq/T//vpx-conf-37240-29730.c
gcc -DNDEBUG -O3 -Wall -Wdeclaration-after-statement -Wdisabled-optimization -Wpointer-arith -Wtype-limits -Werror -Wcast-qual -c -o /var/folders/g1/g7pjc2pd6sq_993m9d43yrqc0000gq/T//vpx-conf-37240-29730.o /var/folders/g1/g7pjc2pd6sq_993m9d43yrqc0000gq/T//vpx-conf-37240-29730.c
check_cxxflags -Wvla
check_cxx -Werror -Wvla
BEGIN /var/folders/g1/g7pjc2pd6sq_993m9d43yrqc0000gq/T//vpx-conf-37240-29730.cc
     1	int x;
END /var/folders/g1/g7pjc2pd6sq_993m9d43yrqc0000gq/T//vpx-conf-37240-29730.cc
g++ -DNDEBUG -O3 -Wall -Wdeclaration-after-statement -Wdisabled-optimization -Wpointer-arith -Wtype-limits -Wcast-qual -Werror -Wvla -c -o /var/folders/g1/g7pjc2pd6sq_993m9d43yrqc0000gq/T//vpx-conf-37240-29730.o /var/folders/g1/g7pjc2pd6sq_993m9d43yrqc0000gq/T//vpx-conf-37240-29730.cc
check_cflags -Wvla
check_cc -Werror -Wvla
BEGIN /var/folders/g1/g7pjc2pd6sq_993m9d43yrqc0000gq/T//vpx-conf-37240-29730.c
     1	int x;
END /var/folders/g1/g7pjc2pd6sq_993m9d43yrqc0000gq/T//vpx-conf-37240-29730.c
gcc -DNDEBUG -O3 -Wall -Wdeclaration-after-statement -Wdisabled-optimization -Wpointer-arith -Wtype-limits -Wcast-qual -Werror -Wvla -c -o /var/folders/g1/g7pjc2pd6sq_993m9d43yrqc0000gq/T//vpx-conf-37240-29730.o /var/folders/g1/g7pjc2pd6sq_993m9d43yrqc0000gq/T//vpx-conf-37240-29730.c
check_cxxflags -Wimplicit-function-declaration
check_cxx -Werror -Wimplicit-function-declaration
BEGIN /var/folders/g1/g7pjc2pd6sq_993m9d43yrqc0000gq/T//vpx-conf-37240-29730.cc
     1	int x;
END /var/folders/g1/g7pjc2pd6sq_993m9d43yrqc0000gq/T//vpx-conf-37240-29730.cc
g++ -DNDEBUG -O3 -Wall -Wdeclaration-after-statement -Wdisabled-optimization -Wpointer-arith -Wtype-limits -Wcast-qual -Wvla -Werror -Wimplicit-function-declaration -c -o /var/folders/g1/g7pjc2pd6sq_993m9d43yrqc0000gq/T//vpx-conf-37240-29730.o /var/folders/g1/g7pjc2pd6sq_993m9d43yrqc0000gq/T//vpx-conf-37240-29730.cc
check_cflags -Wimplicit-function-declaration
check_cc -Werror -Wimplicit-function-declaration
BEGIN /var/folders/g1/g7pjc2pd6sq_993m9d43yrqc0000gq/T//vpx-conf-37240-29730.c
     1	int x;
END /var/folders/g1/g7pjc2pd6sq_993m9d43yrqc0000gq/T//vpx-conf-37240-29730.c
gcc -DNDEBUG -O3 -Wall -Wdeclaration-after-statement -Wdisabled-optimization -Wpointer-arith -Wtype-limits -Wcast-qual -Wvla -Werror -Wimplicit-function-declaration -c -o /var/folders/g1/g7pjc2pd6sq_993m9d43yrqc0000gq/T//vpx-conf-37240-29730.o /var/folders/g1/g7pjc2pd6sq_993m9d43yrqc0000gq/T//vpx-conf-37240-29730.c
check_cxxflags -Wuninitialized
check_cxx -Werror -Wuninitialized
BEGIN /var/folders/g1/g7pjc2pd6sq_993m9d43yrqc0000gq/T//vpx-conf-37240-29730.cc
     1	int x;
END /var/folders/g1/g7pjc2pd6sq_993m9d43yrqc0000gq/T//vpx-conf-37240-29730.cc
g++ -DNDEBUG -O3 -Wall -Wdeclaration-after-statement -Wdisabled-optimization -Wpointer-arith -Wtype-limits -Wcast-qual -Wvla -Wimplicit-function-declaration -Werror -Wuninitialized -c -o /var/folders/g1/g7pjc2pd6sq_993m9d43yrqc0000gq/T//vpx-conf-37240-29730.o /var/folders/g1/g7pjc2pd6sq_993m9d43yrqc0000gq/T//vpx-conf-37240-29730.cc
check_cflags -Wuninitialized
check_cc -Werror -Wuninitialized
BEGIN /var/folders/g1/g7pjc2pd6sq_993m9d43yrqc0000gq/T//vpx-conf-37240-29730.c
     1	int x;
END /var/folders/g1/g7pjc2pd6sq_993m9d43yrqc0000gq/T//vpx-conf-37240-29730.c
gcc -DNDEBUG -O3 -Wall -Wdeclaration-after-statement -Wdisabled-optimization -Wpointer-arith -Wtype-limits -Wcast-qual -Wvla -Wimplicit-function-declaration -Werror -Wuninitialized -c -o /var/folders/g1/g7pjc2pd6sq_993m9d43yrqc0000gq/T//vpx-conf-37240-29730.o /var/folders/g1/g7pjc2pd6sq_993m9d43yrqc0000gq/T//vpx-conf-37240-29730.c
check_cxxflags -Wunused-variable
check_cxx -Werror -Wunused-variable
BEGIN /var/folders/g1/g7pjc2pd6sq_993m9d43yrqc0000gq/T//vpx-conf-37240-29730.cc
     1	int x;
END /var/folders/g1/g7pjc2pd6sq_993m9d43yrqc0000gq/T//vpx-conf-37240-29730.cc
g++ -DNDEBUG -O3 -Wall -Wdeclaration-after-statement -Wdisabled-optimization -Wpointer-arith -Wtype-limits -Wcast-qual -Wvla -Wimplicit-function-declaration -Wuninitialized -Werror -Wunused-variable -c -o /var/folders/g1/g7pjc2pd6sq_993m9d43yrqc0000gq/T//vpx-conf-37240-29730.o /var/folders/g1/g7pjc2pd6sq_993m9d43yrqc0000gq/T//vpx-conf-37240-29730.cc
check_cflags -Wunused-variable
check_cc -Werror -Wunused-variable
BEGIN /var/folders/g1/g7pjc2pd6sq_993m9d43yrqc0000gq/T//vpx-conf-37240-29730.c
     1	int x;
END /var/folders/g1/g7pjc2pd6sq_993m9d43yrqc0000gq/T//vpx-conf-37240-29730.c
gcc -DNDEBUG -O3 -Wall -Wdeclaration-after-statement -Wdisabled-optimization -Wpointer-arith -Wtype-limits -Wcast-qual -Wvla -Wimplicit-function-declaration -Wuninitialized -Werror -Wunused-variable -c -o /var/folders/g1/g7pjc2pd6sq_993m9d43yrqc0000gq/T//vpx-conf-37240-29730.o /var/folders/g1/g7pjc2pd6sq_993m9d43yrqc0000gq/T//vpx-conf-37240-29730.c
check_cxxflags -Wunused-but-set-variable
check_cxx -Werror -Wunused-but-set-variable
BEGIN /var/folders/g1/g7pjc2pd6sq_993m9d43yrqc0000gq/T//vpx-conf-37240-29730.cc
     1	int x;
END /var/folders/g1/g7pjc2pd6sq_993m9d43yrqc0000gq/T//vpx-conf-37240-29730.cc
g++ -DNDEBUG -O3 -Wall -Wdeclaration-after-statement -Wdisabled-optimization -Wpointer-arith -Wtype-limits -Wcast-qual -Wvla -Wimplicit-function-declaration -Wuninitialized -Wunused-variable -Werror -Wunused-but-set-variable -c -o /var/folders/g1/g7pjc2pd6sq_993m9d43yrqc0000gq/T//vpx-conf-37240-29730.o /var/folders/g1/g7pjc2pd6sq_993m9d43yrqc0000gq/T//vpx-conf-37240-29730.cc
error: unknown warning option '-Wunused-but-set-variable'; did you mean '-Wunused-const-variable'? [-Werror,-Wunknown-warning-option]
check_cflags -Wunused-but-set-variable
check_cc -Werror -Wunused-but-set-variable
BEGIN /var/folders/g1/g7pjc2pd6sq_993m9d43yrqc0000gq/T//vpx-conf-37240-29730.c
     1	int x;
END /var/folders/g1/g7pjc2pd6sq_993m9d43yrqc0000gq/T//vpx-conf-37240-29730.c
gcc -DNDEBUG -O3 -Wall -Wdeclaration-after-statement -Wdisabled-optimization -Wpointer-arith -Wtype-limits -Wcast-qual -Wvla -Wimplicit-function-declaration -Wuninitialized -Wunused-variable -Werror -Wunused-but-set-variable -c -o /var/folders/g1/g7pjc2pd6sq_993m9d43yrqc0000gq/T//vpx-conf-37240-29730.o /var/folders/g1/g7pjc2pd6sq_993m9d43yrqc0000gq/T//vpx-conf-37240-29730.c
error: unknown warning option '-Wunused-but-set-variable'; did you mean '-Wunused-const-variable'? [-Werror,-Wunknown-warning-option]
check_cxxflags -Wno-unused-function
check_cxx -Werror -Wno-unused-function
BEGIN /var/folders/g1/g7pjc2pd6sq_993m9d43yrqc0000gq/T//vpx-conf-37240-29730.cc
     1	int x;
END /var/folders/g1/g7pjc2pd6sq_993m9d43yrqc0000gq/T//vpx-conf-37240-29730.cc
g++ -DNDEBUG -O3 -Wall -Wdeclaration-after-statement -Wdisabled-optimization -Wpointer-arith -Wtype-limits -Wcast-qual -Wvla -Wimplicit-function-declaration -Wuninitialized -Wunused-variable -Werror -Wno-unused-function -c -o /var/folders/g1/g7pjc2pd6sq_993m9d43yrqc0000gq/T//vpx-conf-37240-29730.o /var/folders/g1/g7pjc2pd6sq_993m9d43yrqc0000gq/T//vpx-conf-37240-29730.cc
check_cflags -Wno-unused-function
check_cc -Werror -Wno-unused-function
BEGIN /var/folders/g1/g7pjc2pd6sq_993m9d43yrqc0000gq/T//vpx-conf-37240-29730.c
     1	int x;
END /var/folders/g1/g7pjc2pd6sq_993m9d43yrqc0000gq/T//vpx-conf-37240-29730.c
gcc -DNDEBUG -O3 -Wall -Wdeclaration-after-statement -Wdisabled-optimization -Wpointer-arith -Wtype-limits -Wcast-qual -Wvla -Wimplicit-function-declaration -Wuninitialized -Wunused-variable -Werror -Wno-unused-function -c -o /var/folders/g1/g7pjc2pd6sq_993m9d43yrqc0000gq/T//vpx-conf-37240-29730.o /var/folders/g1/g7pjc2pd6sq_993m9d43yrqc0000gq/T//vpx-conf-37240-29730.c
check_cxx
BEGIN /var/folders/g1/g7pjc2pd6sq_993m9d43yrqc0000gq/T//vpx-conf-37240-29730.cc
     1	int z;
END /var/folders/g1/g7pjc2pd6sq_993m9d43yrqc0000gq/T//vpx-conf-37240-29730.cc
g++ -DNDEBUG -O3 -Wall -Wdeclaration-after-statement -Wdisabled-optimization -Wpointer-arith -Wtype-limits -Wcast-qual -Wvla -Wimplicit-function-declaration -Wuninitialized -Wunused-variable -Wno-unused-function -c -o /var/folders/g1/g7pjc2pd6sq_993m9d43yrqc0000gq/T//vpx-conf-37240-29730.o /var/folders/g1/g7pjc2pd6sq_993m9d43yrqc0000gq/T//vpx-conf-37240-29730.cc
  enabling webm_io
check_cxx
BEGIN /var/folders/g1/g7pjc2pd6sq_993m9d43yrqc0000gq/T//vpx-conf-37240-29730.cc
     1	int z;
END /var/folders/g1/g7pjc2pd6sq_993m9d43yrqc0000gq/T//vpx-conf-37240-29730.cc
g++ -DNDEBUG -O3 -Wall -Wdeclaration-after-statement -Wdisabled-optimization -Wpointer-arith -Wtype-limits -Wcast-qual -Wvla -Wimplicit-function-declaration -Wuninitialized -Wunused-variable -Wno-unused-function -c -o /var/folders/g1/g7pjc2pd6sq_993m9d43yrqc0000gq/T//vpx-conf-37240-29730.o /var/folders/g1/g7pjc2pd6sq_993m9d43yrqc0000gq/T//vpx-conf-37240-29730.cc
  enabling libyuv
check_header stdio.h
check_cpp
BEGIN /var/folders/g1/g7pjc2pd6sq_993m9d43yrqc0000gq/T//vpx-conf-37240-29730.c
     1	#include "stdio.h"
     2	int x;
END /var/folders/g1/g7pjc2pd6sq_993m9d43yrqc0000gq/T//vpx-conf-37240-29730.c
gcc -DNDEBUG -O3 -Wall -Wdeclaration-after-statement -Wdisabled-optimization -Wpointer-arith -Wtype-limits -Wcast-qual -Wvla -Wimplicit-function-declaration -Wuninitialized -Wunused-variable -Wno-unused-function -E -o /var/folders/g1/g7pjc2pd6sq_993m9d43yrqc0000gq/T//vpx-conf-37240-29730.o /var/folders/g1/g7pjc2pd6sq_993m9d43yrqc0000gq/T//vpx-conf-37240-29730.c
check_ld
check_cc
BEGIN /var/folders/g1/g7pjc2pd6sq_993m9d43yrqc0000gq/T//vpx-conf-37240-29730.c
     1	int main(void) {return 0;}
END /var/folders/g1/g7pjc2pd6sq_993m9d43yrqc0000gq/T//vpx-conf-37240-29730.c
gcc -DNDEBUG -O3 -Wall -Wdeclaration-after-statement -Wdisabled-optimization -Wpointer-arith -Wtype-limits -Wcast-qual -Wvla -Wimplicit-function-declaration -Wuninitialized -Wunused-variable -Wno-unused-function -c -o /var/folders/g1/g7pjc2pd6sq_993m9d43yrqc0000gq/T//vpx-conf-37240-29730.o /var/folders/g1/g7pjc2pd6sq_993m9d43yrqc0000gq/T//vpx-conf-37240-29730.c
g++ -o /var/folders/g1/g7pjc2pd6sq_993m9d43yrqc0000gq/T//vpx-conf-37240-29730.x /var/folders/g1/g7pjc2pd6sq_993m9d43yrqc0000gq/T//vpx-conf-37240-29730.o
check_header stdint.h
check_cpp
BEGIN /var/folders/g1/g7pjc2pd6sq_993m9d43yrqc0000gq/T//vpx-conf-37240-29730.c
     1	#include "stdint.h"
     2	int x;
END /var/folders/g1/g7pjc2pd6sq_993m9d43yrqc0000gq/T//vpx-conf-37240-29730.c
gcc -DNDEBUG -O3 -Wall -Wdeclaration-after-statement -Wdisabled-optimization -Wpointer-arith -Wtype-limits -Wcast-qual -Wvla -Wimplicit-function-declaration -Wuninitialized -Wunused-variable -Wno-unused-function -E -o /var/folders/g1/g7pjc2pd6sq_993m9d43yrqc0000gq/T//vpx-conf-37240-29730.o /var/folders/g1/g7pjc2pd6sq_993m9d43yrqc0000gq/T//vpx-conf-37240-29730.c
check_header pthread.h
check_cpp
BEGIN /var/folders/g1/g7pjc2pd6sq_993m9d43yrqc0000gq/T//vpx-conf-37240-29730.c
     1	#include "pthread.h"
     2	int x;
END /var/folders/g1/g7pjc2pd6sq_993m9d43yrqc0000gq/T//vpx-conf-37240-29730.c
gcc -DNDEBUG -O3 -Wall -Wdeclaration-after-statement -Wdisabled-optimization -Wpointer-arith -Wtype-limits -Wcast-qual -Wvla -Wimplicit-function-declaration -Wuninitialized -Wunused-variable -Wno-unused-function -E -o /var/folders/g1/g7pjc2pd6sq_993m9d43yrqc0000gq/T//vpx-conf-37240-29730.o /var/folders/g1/g7pjc2pd6sq_993m9d43yrqc0000gq/T//vpx-conf-37240-29730.c
check_header sys/mman.h
check_cpp
BEGIN /var/folders/g1/g7pjc2pd6sq_993m9d43yrqc0000gq/T//vpx-conf-37240-29730.c
     1	#include "sys/mman.h"
     2	int x;
END /var/folders/g1/g7pjc2pd6sq_993m9d43yrqc0000gq/T//vpx-conf-37240-29730.c
gcc -DNDEBUG -O3 -Wall -Wdeclaration-after-statement -Wdisabled-optimization -Wpointer-arith -Wtype-limits -Wcast-qual -Wvla -Wimplicit-function-declaration -Wuninitialized -Wunused-variable -Wno-unused-function -E -o /var/folders/g1/g7pjc2pd6sq_993m9d43yrqc0000gq/T//vpx-conf-37240-29730.o /var/folders/g1/g7pjc2pd6sq_993m9d43yrqc0000gq/T//vpx-conf-37240-29730.c
check_header unistd.h
check_cpp
BEGIN /var/folders/g1/g7pjc2pd6sq_993m9d43yrqc0000gq/T//vpx-conf-37240-29730.c
     1	#include "unistd.h"
     2	int x;
END /var/folders/g1/g7pjc2pd6sq_993m9d43yrqc0000gq/T//vpx-conf-37240-29730.c
gcc -DNDEBUG -O3 -Wall -Wdeclaration-after-statement -Wdisabled-optimization -Wpointer-arith -Wtype-limits -Wcast-qual -Wvla -Wimplicit-function-declaration -Wuninitialized -Wunused-variable -Wno-unused-function -E -o /var/folders/g1/g7pjc2pd6sq_993m9d43yrqc0000gq/T//vpx-conf-37240-29730.o /var/folders/g1/g7pjc2pd6sq_993m9d43yrqc0000gq/T//vpx-conf-37240-29730.c
check_header vpx/vpx_integer.h -I./project/libvpx-generic
check_cpp -I./project/libvpx-generic
BEGIN /var/folders/g1/g7pjc2pd6sq_993m9d43yrqc0000gq/T//vpx-conf-37240-29730.c
     1	#include "vpx/vpx_integer.h"
     2	int x;
END /var/folders/g1/g7pjc2pd6sq_993m9d43yrqc0000gq/T//vpx-conf-37240-29730.c
gcc -DNDEBUG -O3 -Wall -Wdeclaration-after-statement -Wdisabled-optimization -Wpointer-arith -Wtype-limits -Wcast-qual -Wvla -Wimplicit-function-declaration -Wuninitialized -Wunused-variable -Wno-unused-function -I./project/libvpx-generic -E -o /var/folders/g1/g7pjc2pd6sq_993m9d43yrqc0000gq/T//vpx-conf-37240-29730.o /var/folders/g1/g7pjc2pd6sq_993m9d43yrqc0000gq/T//vpx-conf-37240-29730.c
